1 1 1 2 2 2 3 3 3 4 4 4 5 5 5 86 81 
6 6 6 7 7 7 8 8 8 9 9 9 10 10 10 86 81 
11 11 11 12 12 12 13 13 13 14 14 14 15 15 15 86 81 
16 16 16 17 17 17 18 18 18 19 19 19 20 20 20 87 82 
21 21 21 22 22 22 23 23 23 24 24 24 25 25 25 87 82 
26 26 26 27 27 27 28 28 28 29 29 29 30 30 30 87 82 
31 31 31 32 32 32 33 33 33 34 34 34 35 35 35 88 83 
36 36 36 37 37 37 38 38 38 39 39 39 40 40 40 88 83 
41 41 41 42 42 42 43 43 43 44 44 44 45 45 45 88 83 
46 46 46 47 47 47 48 48 48 49 49 49 50 50 50 89 84 
51 51 51 52 52 52 53 53 53 54 54 54 55 55 55 89 84 
56 56 56 57 57 57 58 58 58 59 59 59 60 60 60 89 84 
61 61 61 62 62 62 63 63 63 64 64 64 65 65 65 90 85 
66 66 66 67 67 67 68 68 68 69 69 69 70 70 70 90 85 
71 71 71 72 72 72 73 73 73 74 74 74 75 75 75 90 85 
76 76 76 77 77 77 78 78 78 79 79 79 80 80 80 0 0 

1 1 1 2 2 2 9 
3 3 3 4 4 4 9 
5 5 5 6 6 6 9 
7 7 7 8 8 8 0 

1 1 1 2 2 2 3 3 3 4 4 4 25 
5 5 5 6 6 6 7 7 7 8 8 8 25 
9 9 9 10 10 10 11 11 11 12 12 12 25 
13 13 13 14 14 14 15 15 15 16 16 16 26 
17 17 17 18 18 18 19 19 19 20 20 20 26 
21 21 21 22 22 22 23 23 23 24 24 24 26 

1 1 1 2 2 2 
3 3 3 4 4 4 
5 5 5 6 6 6 
7 7 7 8 8 8 
9 9 9 10 10 10 
11 11 11 12 12 12 
13 13 13 14 14 14 
15 15 15 16 16 16 
17 17 17 18 18 18 
19 19 19 20 20 20 
21 21 21 22 22 22 
23 23 23 24 24 24 
25 25 25 26 26 26 
27 27 27 28 28 28 
29 29 29 30 30 30 
31 31 31 32 32 32 
33 33 33 34 34 34 
35 35 35 36 36 36 

1 1 1 2 2 2 3 3 3 4 4 4 5 5 5 41 
6 6 6 7 7 7 8 8 8 9 9 9 10 10 10 41 
11 11 11 12 12 12 13 13 13 14 14 14 15 15 15 41 
16 16 16 17 17 17 18 18 18 19 19 19 20 20 20 42 
21 21 21 22 22 22 23 23 23 24 24 24 25 25 25 42 
26 26 26 27 27 27 28 28 28 29 29 29 30 30 30 42 
31 31 31 32 32 32 33 33 33 34 34 34 35 35 35 0 
36 36 36 37 37 37 38 38 38 39 39 39 40 40 40 0 

1 1 1 22 17 
2 2 2 22 17 
3 3 3 22 17 
4 4 4 23 18 
5 5 5 23 18 
6 6 6 23 18 
7 7 7 24 19 
8 8 8 24 19 
9 9 9 24 19 
10 10 10 25 20 
11 11 11 25 20 
12 12 12 25 20 
13 13 13 26 21 
14 14 14 26 21 
15 15 15 26 21 
16 16 16 0 0 

1 1 1 2 2 2 3 3 3 4 4 4 5 5 5 81 76 
6 6 6 7 7 7 8 8 8 9 9 9 10 10 10 81 76 
11 11 11 12 12 12 13 13 13 14 14 14 15 15 15 81 76 
16 16 16 17 17 17 18 18 18 19 19 19 20 20 20 82 77 
21 21 21 22 22 22 23 23 23 24 24 24 25 25 25 82 77 
26 26 26 27 27 27 28 28 28 29 29 29 30 30 30 82 77 
31 31 31 32 32 32 33 33 33 34 34 34 35 35 35 83 78 
36 36 36 37 37 37 38 38 38 39 39 39 40 40 40 83 78 
41 41 41 42 42 42 43 43 43 44 44 44 45 45 45 83 78 
46 46 46 47 47 47 48 48 48 49 49 49 50 50 50 84 79 
51 51 51 52 52 52 53 53 53 54 54 54 55 55 55 84 79 
56 56 56 57 57 57 58 58 58 59 59 59 60 60 60 84 79 
61 61 61 62 62 62 63 63 63 64 64 64 65 65 65 85 80 
66 66 66 67 67 67 68 68 68 69 69 69 70 70 70 85 80 
71 71 71 72 72 72 73 73 73 74 74 74 75 75 75 85 80 

1 1 1 2 2 2 3 3 3 54 49 
4 4 4 5 5 5 6 6 6 54 49 
7 7 7 8 8 8 9 9 9 54 49 
10 10 10 11 11 11 12 12 12 55 50 
13 13 13 14 14 14 15 15 15 55 50 
16 16 16 17 17 17 18 18 18 55 50 
19 19 19 20 20 20 21 21 21 56 51 
22 22 22 23 23 23 24 24 24 56 51 
25 25 25 26 26 26 27 27 27 56 51 
28 28 28 29 29 29 30 30 30 57 52 
31 31 31 32 32 32 33 33 33 57 52 
34 34 34 35 35 35 36 36 36 57 52 
37 37 37 38 38 38 39 39 39 58 53 
40 40 40 41 41 41 42 42 42 58 53 
43 43 43 44 44 44 45 45 45 58 53 
46 46 46 47 47 47 48 48 48 0 0 

1 1 1 15 
2 2 2 15 
3 3 3 15 
4 4 4 16 
5 5 5 16 
6 6 6 16 
7 7 7 17 
8 8 8 17 
9 9 9 17 
10 10 10 18 
11 11 11 18 
12 12 12 18 
13 13 13 0 
14 14 14 0 

1 1 1 2 2 2 3 3 3 4 4 4 5 5 5 97 91 
6 6 6 7 7 7 8 8 8 9 9 9 10 10 10 97 91 
11 11 11 12 12 12 13 13 13 14 14 14 15 15 15 97 91 
16 16 16 17 17 17 18 18 18 19 19 19 20 20 20 98 92 
21 21 21 22 22 22 23 23 23 24 24 24 25 25 25 98 92 
26 26 26 27 27 27 28 28 28 29 29 29 30 30 30 98 92 
31 31 31 32 32 32 33 33 33 34 34 34 35 35 35 99 93 
36 36 36 37 37 37 38 38 38 39 39 39 40 40 40 99 93 
41 41 41 42 42 42 43 43 43 44 44 44 45 45 45 99 93 
46 46 46 47 47 47 48 48 48 49 49 49 50 50 50 100 94 
51 51 51 52 52 52 53 53 53 54 54 54 55 55 55 100 94 
56 56 56 57 57 57 58 58 58 59 59 59 60 60 60 100 94 
61 61 61 62 62 62 63 63 63 64 64 64 65 65 65 101 95 
66 66 66 67 67 67 68 68 68 69 69 69 70 70 70 101 95 
71 71 71 72 72 72 73 73 73 74 74 74 75 75 75 101 95 
76 76 76 77 77 77 78 78 78 79 79 79 80 80 80 102 96 
81 81 81 82 82 82 83 83 83 84 84 84 85 85 85 102 96 
86 86 86 87 87 87 88 88 88 89 89 89 90 90 90 102 96 

